[10:41:45.723] - 0:0:0:0:0:0:0:1:web::http://localhost:8081/spring/member/selectAll
[10:41:48.602] - 0:0:0:0:0:0:0:1:web::http://localhost:8081/spring/main
[10:41:48.754] - 0:0:0:0:0:0:0:1:web::http://localhost:8081/spring/member/selectAll
[10:41:58.763] - 0:0:0:0:0:0:0:1:web::http://localhost:8081/spring/member/selectAll
[10:42:08.762] - 0:0:0:0:0:0:0:1:web::http://localhost:8081/spring/member/selectAll
[10:42:18.763] - 0:0:0:0:0:0:0:1:web::http://localhost:8081/spring/member/selectAll
[10:42:28.760] - 0:0:0:0:0:0:0:1:web::http://localhost:8081/spring/member/selectAll
[10:42:38.766] - 0:0:0:0:0:0:0:1:web::http://localhost:8081/spring/member/selectAll
[10:42:48.756] - 0:0:0:0:0:0:0:1:web::http://localhost:8081/spring/member/selectAll
[10:42:58.763] - 0:0:0:0:0:0:0:1:web::http://localhost:8081/spring/member/selectAll
[10:43:08.761] - 0:0:0:0:0:0:0:1:web::http://localhost:8081/spring/member/selectAll
[10:43:18.764] - 0:0:0:0:0:0:0:1:web::http://localhost:8081/spring/member/selectAll
[10:43:28.760] - 0:0:0:0:0:0:0:1:web::http://localhost:8081/spring/member/selectAll
[10:43:38.767] - 0:0:0:0:0:0:0:1:web::http://localhost:8081/spring/member/selectAll
[10:43:48.761] - 0:0:0:0:0:0:0:1:web::http://localhost:8081/spring/member/selectAll
[10:43:58.770] - 0:0:0:0:0:0:0:1:web::http://localhost:8081/spring/member/selectAll
[10:44:08.763] - 0:0:0:0:0:0:0:1:web::http://localhost:8081/spring/member/selectAll
[10:44:18.760] - 0:0:0:0:0:0:0:1:web::http://localhost:8081/spring/member/selectAll
[10:44:28.761] - 0:0:0:0:0:0:0:1:web::http://localhost:8081/spring/member/selectAll
[10:44:38.768] - 0:0:0:0:0:0:0:1:web::http://localhost:8081/spring/member/selectAll
[10:44:48.759] - 0:0:0:0:0:0:0:1:web::http://localhost:8081/spring/member/selectAll
[10:44:58.762] - 0:0:0:0:0:0:0:1:web::http://localhost:8081/spring/member/selectAll
[10:45:08.758] - 0:0:0:0:0:0:0:1:web::http://localhost:8081/spring/member/selectAll
[10:45:18.774] - 0:0:0:0:0:0:0:1:web::http://localhost:8081/spring/member/selectAll
[10:45:28.759] - 0:0:0:0:0:0:0:1:web::http://localhost:8081/spring/member/selectAll
[10:45:38.758] - 0:0:0:0:0:0:0:1:web::http://localhost:8081/spring/member/selectAll
[10:45:41.471] - 0:0:0:0:0:0:0:1:web::http://localhost:8081/spring/member/login?userId=aaa&userPwd=1234
[10:45:41.620] - 0:0:0:0:0:0:0:1:web:aaa:http://localhost:8081/spring/main
[10:45:41.687] - 0:0:0:0:0:0:0:1:web:aaa:http://localhost:8081/spring/member/selectAll
[10:45:51.692] - 0:0:0:0:0:0:0:1:web:aaa:http://localhost:8081/spring/member/selectAll
[10:46:01.703] - 0:0:0:0:0:0:0:1:web:aaa:http://localhost:8081/spring/member/selectAll
[10:46:11.701] - 0:0:0:0:0:0:0:1:web:aaa:http://localhost:8081/spring/member/selectAll
[10:46:21.700] - 0:0:0:0:0:0:0:1:web:aaa:http://localhost:8081/spring/member/selectAll
[10:46:31.704] - 0:0:0:0:0:0:0:1:web:aaa:http://localhost:8081/spring/member/selectAll
[10:46:41.695] - 0:0:0:0:0:0:0:1:web:aaa:http://localhost:8081/spring/member/selectAll
[10:46:51.694] - 0:0:0:0:0:0:0:1:web:aaa:http://localhost:8081/spring/member/selectAll
[10:47:01.695] - 0:0:0:0:0:0:0:1:web:aaa:http://localhost:8081/spring/member/selectAll
[10:47:11.701] - 0:0:0:0:0:0:0:1:web:aaa:http://localhost:8081/spring/member/selectAll
[10:47:21.695] - 0:0:0:0:0:0:0:1:web:aaa:http://localhost:8081/spring/member/selectAll
[10:47:31.707] - 0:0:0:0:0:0:0:1:web:aaa:http://localhost:8081/spring/member/selectAll
[10:47:41.700] - 0:0:0:0:0:0:0:1:web:aaa:http://localhost:8081/spring/member/selectAll
[10:47:51.693] - 0:0:0:0:0:0:0:1:web:aaa:http://localhost:8081/spring/member/selectAll
[10:48:01.690] - 0:0:0:0:0:0:0:1:web:aaa:http://localhost:8081/spring/member/selectAll
[10:48:11.690] - 0:0:0:0:0:0:0:1:web:aaa:http://localhost:8081/spring/member/selectAll
[10:48:21.694] - 0:0:0:0:0:0:0:1:web:aaa:http://localhost:8081/spring/member/selectAll
[10:48:31.692] - 0:0:0:0:0:0:0:1:web:aaa:http://localhost:8081/spring/member/selectAll
[10:48:41.692] - 0:0:0:0:0:0:0:1:web:aaa:http://localhost:8081/spring/member/selectAll
[10:48:51.702] - 0:0:0:0:0:0:0:1:web:aaa:http://localhost:8081/spring/member/selectAll
[10:49:01.698] - 0:0:0:0:0:0:0:1:web:aaa:http://localhost:8081/spring/member/selectAll
[10:49:11.703] - 0:0:0:0:0:0:0:1:web:aaa:http://localhost:8081/spring/member/selectAll
[10:49:21.696] - 0:0:0:0:0:0:0:1:web:aaa:http://localhost:8081/spring/member/selectAll
[10:49:31.694] - 0:0:0:0:0:0:0:1:web:aaa:http://localhost:8081/spring/member/selectAll
[10:49:41.692] - 0:0:0:0:0:0:0:1:web:aaa:http://localhost:8081/spring/member/selectAll
[10:49:51.703] - 0:0:0:0:0:0:0:1:web:aaa:http://localhost:8081/spring/member/selectAll
[10:50:01.697] - 0:0:0:0:0:0:0:1:web:aaa:http://localhost:8081/spring/member/selectAll
[10:50:11.708] - 0:0:0:0:0:0:0:1:web:aaa:http://localhost:8081/spring/member/selectAll
[10:50:21.699] - 0:0:0:0:0:0:0:1:web:aaa:http://localhost:8081/spring/member/selectAll
[10:50:31.706] - 0:0:0:0:0:0:0:1:web:aaa:http://localhost:8081/spring/member/selectAll
[10:50:41.698] - 0:0:0:0:0:0:0:1:web:aaa:http://localhost:8081/spring/member/selectAll
[10:50:51.702] - 0:0:0:0:0:0:0:1:web:aaa:http://localhost:8081/spring/member/selectAll
[10:51:01.705] - 0:0:0:0:0:0:0:1:web:aaa:http://localhost:8081/spring/member/selectAll
[10:51:11.700] - 0:0:0:0:0:0:0:1:web:aaa:http://localhost:8081/spring/member/selectAll
[10:51:21.693] - 0:0:0:0:0:0:0:1:web:aaa:http://localhost:8081/spring/member/selectAll
[10:51:31.698] - 0:0:0:0:0:0:0:1:web:aaa:http://localhost:8081/spring/member/selectAll
[10:51:41.689] - 0:0:0:0:0:0:0:1:web:aaa:http://localhost:8081/spring/member/selectAll
[10:51:51.706] - 0:0:0:0:0:0:0:1:web:aaa:http://localhost:8081/spring/member/selectAll
[10:52:01.703] - 0:0:0:0:0:0:0:1:web:aaa:http://localhost:8081/spring/member/selectAll
[10:52:11.697] - 0:0:0:0:0:0:0:1:web:aaa:http://localhost:8081/spring/member/selectAll
[10:52:21.693] - 0:0:0:0:0:0:0:1:web:aaa:http://localhost:8081/spring/member/selectAll
[10:52:31.700] - 0:0:0:0:0:0:0:1:web:aaa:http://localhost:8081/spring/member/selectAll
[10:52:41.702] - 0:0:0:0:0:0:0:1:web:aaa:http://localhost:8081/spring/member/selectAll
[10:52:51.706] - 0:0:0:0:0:0:0:1:web:aaa:http://localhost:8081/spring/member/selectAll
[10:53:01.699] - 0:0:0:0:0:0:0:1:web:aaa:http://localhost:8081/spring/member/selectAll
[10:53:11.706] - 0:0:0:0:0:0:0:1:web:aaa:http://localhost:8081/spring/member/selectAll
[10:53:21.706] - 0:0:0:0:0:0:0:1:web:aaa:http://localhost:8081/spring/member/selectAll
[10:53:31.692] - 0:0:0:0:0:0:0:1:web:aaa:http://localhost:8081/spring/member/selectAll
[10:53:41.696] - 0:0:0:0:0:0:0:1:web:aaa:http://localhost:8081/spring/member/selectAll
[10:53:51.696] - 0:0:0:0:0:0:0:1:web:aaa:http://localhost:8081/spring/member/selectAll
[10:54:01.705] - 0:0:0:0:0:0:0:1:web:aaa:http://localhost:8081/spring/member/selectAll
[10:54:11.697] - 0:0:0:0:0:0:0:1:web:aaa:http://localhost:8081/spring/member/selectAll
[10:54:21.696] - 0:0:0:0:0:0:0:1:web:aaa:http://localhost:8081/spring/member/selectAll
[10:54:31.697] - 0:0:0:0:0:0:0:1:web:aaa:http://localhost:8081/spring/member/selectAll
[10:54:41.704] - 0:0:0:0:0:0:0:1:web:aaa:http://localhost:8081/spring/member/selectAll
[10:54:51.700] - 0:0:0:0:0:0:0:1:web:aaa:http://localhost:8081/spring/member/selectAll
[10:55:01.701] - 0:0:0:0:0:0:0:1:web:aaa:http://localhost:8081/spring/member/selectAll
[10:55:11.705] - 0:0:0:0:0:0:0:1:web:aaa:http://localhost:8081/spring/member/selectAll
[10:55:21.692] - 0:0:0:0:0:0:0:1:web:aaa:http://localhost:8081/spring/member/selectAll
[10:55:31.695] - 0:0:0:0:0:0:0:1:web:aaa:http://localhost:8081/spring/member/selectAll
[10:55:41.707] - 0:0:0:0:0:0:0:1:web:aaa:http://localhost:8081/spring/member/selectAll
[10:55:51.701] - 0:0:0:0:0:0:0:1:web:aaa:http://localhost:8081/spring/member/selectAll
[10:56:01.705] - 0:0:0:0:0:0:0:1:web:aaa:http://localhost:8081/spring/member/selectAll
[10:56:11.708] - 0:0:0:0:0:0:0:1:web:aaa:http://localhost:8081/spring/member/selectAll
[10:56:21.701] - 0:0:0:0:0:0:0:1:web:aaa:http://localhost:8081/spring/member/selectAll
[10:56:31.707] - 0:0:0:0:0:0:0:1:web:aaa:http://localhost:8081/spring/member/selectAll
[10:56:41.706] - 0:0:0:0:0:0:0:1:web:aaa:http://localhost:8081/spring/member/selectAll
[10:56:51.700] - 0:0:0:0:0:0:0:1:web:aaa:http://localhost:8081/spring/member/selectAll
[10:57:01.705] - 0:0:0:0:0:0:0:1:web:aaa:http://localhost:8081/spring/member/selectAll
[10:57:11.703] - 0:0:0:0:0:0:0:1:web:aaa:http://localhost:8081/spring/member/selectAll
[10:57:21.699] - 0:0:0:0:0:0:0:1:web:aaa:http://localhost:8081/spring/member/selectAll
[10:57:31.693] - 0:0:0:0:0:0:0:1:web:aaa:http://localhost:8081/spring/member/selectAll
[10:57:41.705] - 0:0:0:0:0:0:0:1:web:aaa:http://localhost:8081/spring/member/selectAll
[10:57:51.701] - 0:0:0:0:0:0:0:1:web:aaa:http://localhost:8081/spring/member/selectAll
[10:58:01.700] - 0:0:0:0:0:0:0:1:web:aaa:http://localhost:8081/spring/member/selectAll
[10:58:11.703] - 0:0:0:0:0:0:0:1:web:aaa:http://localhost:8081/spring/member/selectAll
[10:58:21.705] - 0:0:0:0:0:0:0:1:web:aaa:http://localhost:8081/spring/member/selectAll
[10:58:31.701] - 0:0:0:0:0:0:0:1:web:aaa:http://localhost:8081/spring/member/selectAll
[10:58:41.699] - 0:0:0:0:0:0:0:1:web:aaa:http://localhost:8081/spring/member/selectAll
[10:58:51.696] - 0:0:0:0:0:0:0:1:web:aaa:http://localhost:8081/spring/member/selectAll
[10:59:01.701] - 0:0:0:0:0:0:0:1:web:aaa:http://localhost:8081/spring/member/selectAll
[10:59:11.696] - 0:0:0:0:0:0:0:1:web:aaa:http://localhost:8081/spring/member/selectAll
[10:59:21.692] - 0:0:0:0:0:0:0:1:web:aaa:http://localhost:8081/spring/member/selectAll
[10:59:31.702] - 0:0:0:0:0:0:0:1:web:aaa:http://localhost:8081/spring/member/selectAll
[10:59:41.704] - 0:0:0:0:0:0:0:1:web:aaa:http://localhost:8081/spring/member/selectAll
[10:59:51.695] - 0:0:0:0:0:0:0:1:web:aaa:http://localhost:8081/spring/member/selectAll
[11:00:01.695] - 0:0:0:0:0:0:0:1:web:aaa:http://localhost:8081/spring/member/selectAll
[11:00:11.703] - 0:0:0:0:0:0:0:1:web:aaa:http://localhost:8081/spring/member/selectAll
[11:00:21.695] - 0:0:0:0:0:0:0:1:web:aaa:http://localhost:8081/spring/member/selectAll
[11:00:31.700] - 0:0:0:0:0:0:0:1:web:aaa:http://localhost:8081/spring/member/selectAll
[11:00:41.691] - 0:0:0:0:0:0:0:1:web:aaa:http://localhost:8081/spring/member/selectAll
[11:00:51.697] - 0:0:0:0:0:0:0:1:web:aaa:http://localhost:8081/spring/member/selectAll
[11:01:01.693] - 0:0:0:0:0:0:0:1:web:aaa:http://localhost:8081/spring/member/selectAll
[11:01:11.701] - 0:0:0:0:0:0:0:1:web:aaa:http://localhost:8081/spring/member/selectAll
[11:01:21.701] - 0:0:0:0:0:0:0:1:web:aaa:http://localhost:8081/spring/member/selectAll
[11:01:31.701] - 0:0:0:0:0:0:0:1:web:aaa:http://localhost:8081/spring/member/selectAll
[11:01:41.695] - 0:0:0:0:0:0:0:1:web:aaa:http://localhost:8081/spring/member/selectAll
[11:01:51.703] - 0:0:0:0:0:0:0:1:web:aaa:http://localhost:8081/spring/member/selectAll
[11:02:01.707] - 0:0:0:0:0:0:0:1:web:aaa:http://localhost:8081/spring/member/selectAll
[11:02:11.704] - 0:0:0:0:0:0:0:1:web:aaa:http://localhost:8081/spring/member/selectAll
[11:02:21.699] - 0:0:0:0:0:0:0:1:web:aaa:http://localhost:8081/spring/member/selectAll
[11:02:31.700] - 0:0:0:0:0:0:0:1:web:aaa:http://localhost:8081/spring/member/selectAll
[11:02:41.707] - 0:0:0:0:0:0:0:1:web:aaa:http://localhost:8081/spring/member/selectAll
[11:02:51.692] - 0:0:0:0:0:0:0:1:web:aaa:http://localhost:8081/spring/member/selectAll
[11:03:01.693] - 0:0:0:0:0:0:0:1:web:aaa:http://localhost:8081/spring/member/selectAll
[11:03:11.693] - 0:0:0:0:0:0:0:1:web:aaa:http://localhost:8081/spring/member/selectAll
[11:36:40.568] - 0:0:0:0:0:0:0:1:web::http://localhost:8081/spring/main
[11:36:40.745] - 0:0:0:0:0:0:0:1:web::http://localhost:8081/spring/member/selectAll
[11:36:42.123] - 0:0:0:0:0:0:0:1:web::http://localhost:8081/spring/board/list/N
[11:36:43.496] - 0:0:0:0:0:0:0:1:web::http://localhost:8081/spring/board/detail/N/17
[11:36:47.489] - 0:0:0:0:0:0:0:1:web::http://localhost:8081/spring/member/login?userId=aaa&userPwd=1234
[11:36:47.582] - 0:0:0:0:0:0:0:1:web:aaa:http://localhost:8081/spring/main
[11:36:47.627] - 0:0:0:0:0:0:0:1:web:aaa:http://localhost:8081/spring/member/selectAll
[11:36:51.519] - 0:0:0:0:0:0:0:1:web:aaa:http://localhost:8081/spring/board/list/N
[11:36:53.585] - 0:0:0:0:0:0:0:1:web:aaa:http://localhost:8081/spring/board/detail/N/17
[11:41:47.468] - 0:0:0:0:0:0:0:1:web::http://localhost:8081/spring/board/detail/N/17
[11:41:52.755] - 0:0:0:0:0:0:0:1:web::http://localhost:8081/spring/member/login?userId=aaa&userPwd=1234
[11:41:52.858] - 0:0:0:0:0:0:0:1:web:aaa:http://localhost:8081/spring/main
[11:41:52.925] - 0:0:0:0:0:0:0:1:web:aaa:http://localhost:8081/spring/member/selectAll
[11:41:56.548] - 0:0:0:0:0:0:0:1:web:aaa:http://localhost:8081/spring/board/list/P
[11:41:56.605] - 0:0:0:0:0:0:0:1:web:aaa:http://localhost:8081/spring/resources/images/boardT//2023050212303949437.jpg
[11:41:56.606] - 0:0:0:0:0:0:0:1:web:aaa:http://localhost:8081/spring/resources/images/boardT//2023050212261520236.jpg
[11:41:56.605] - 0:0:0:0:0:0:0:1:web:aaa:http://localhost:8081/spring/resources/images/boardT/2023050214252621548.jpg
[11:41:56.605] - 0:0:0:0:0:0:0:1:web:aaa:http://localhost:8081/spring/resources/images/boardT/2023050212421971638.jpg
[11:41:56.605] - 0:0:0:0:0:0:0:1:web:aaa:http://localhost:8081/spring/resources/images/boardT/2023050212221128486.jpg
[11:41:58.129] - 0:0:0:0:0:0:0:1:web:aaa:http://localhost:8081/spring/board/list/N
[11:42:00.086] - 0:0:0:0:0:0:0:1:web:aaa:http://localhost:8081/spring/board/detail/N/8
[11:42:02.539] - 0:0:0:0:0:0:0:1:web:aaa:http://localhost:8081/spring/reply/insert?refBno=8&replyContent=1111&replyWriter=4
[11:42:08.483] - 0:0:0:0:0:0:0:1:web:aaa:http://localhost:8081/spring/board/detail/N/8
[11:43:03.088] - 0:0:0:0:0:0:0:1:web:aaa:http://localhost:8081/spring/board/list/N
[11:43:04.383] - 0:0:0:0:0:0:0:1:web:aaa:http://localhost:8081/spring/board/detail/N/17
[11:43:06.691] - 0:0:0:0:0:0:0:1:web:aaa:http://localhost:8081/spring/reply/insert?refBno=17&replyContent=12334&replyWriter=4
[11:43:08.953] - 0:0:0:0:0:0:0:1:web:aaa:http://localhost:8081/spring/board/detail/N/17
[11:48:01.712] - 0:0:0:0:0:0:0:1:web::http://localhost:8081/spring/board/detail/N/17
[11:48:03.090] - 0:0:0:0:0:0:0:1:web::http://localhost:8081/spring/board/list/N
[11:48:03.906] - 0:0:0:0:0:0:0:1:web::http://localhost:8081/spring/board/detail/N/17
[11:48:08.981] - 0:0:0:0:0:0:0:1:web::http://localhost:8081/spring/reply/insert?refBno=17&replyContent=r김홍숙바보&replyWriter=
[12:16:46.981] - 0:0:0:0:0:0:0:1:web::http://localhost:8081/spring/board/detail/N/17
[12:16:47.242] - 0:0:0:0:0:0:0:1:web::http://localhost:8081/spring/reply/selectReplyList?bno=17
[12:16:57.443] - 0:0:0:0:0:0:0:1:web::http://localhost:8081/spring/reply/insert?refBno=17&replyContent=김홍석바보&replyWriter=
[12:16:57.457] - 0:0:0:0:0:0:0:1:web::http://localhost:8081/spring/reply/selectReplyList?bno=17
[12:16:59.874] - 0:0:0:0:0:0:0:1:web::http://localhost:8081/spring/board/detail/N/17
[12:16:59.920] - 0:0:0:0:0:0:0:1:web::http://localhost:8081/spring/reply/selectReplyList?bno=17
[12:17:00.589] - 0:0:0:0:0:0:0:1:web::http://localhost:8081/spring/board/detail/N/17
[12:17:00.615] - 0:0:0:0:0:0:0:1:web::http://localhost:8081/spring/reply/selectReplyList?bno=17
[12:17:03.521] - 0:0:0:0:0:0:0:1:web::http://localhost:8081/spring/board/list/N
[12:17:04.938] - 0:0:0:0:0:0:0:1:web::http://localhost:8081/spring/board/detail/N/17
[12:17:04.973] - 0:0:0:0:0:0:0:1:web::http://localhost:8081/spring/reply/selectReplyList?bno=17
[12:17:07.203] - 0:0:0:0:0:0:0:1:web::http://localhost:8081/spring/board/list/N
[12:17:08.160] - 0:0:0:0:0:0:0:1:web::http://localhost:8081/spring/board/detail/N/8
[12:17:08.195] - 0:0:0:0:0:0:0:1:web::http://localhost:8081/spring/reply/selectReplyList?bno=8
[12:17:10.090] - 0:0:0:0:0:0:0:1:web::http://localhost:8081/spring/board/list/N
[12:17:10.802] - 0:0:0:0:0:0:0:1:web::http://localhost:8081/spring/board/detail/N/17
[12:17:10.833] - 0:0:0:0:0:0:0:1:web::http://localhost:8081/spring/reply/selectReplyList?bno=17
[12:17:12.379] - 0:0:0:0:0:0:0:1:web::http://localhost:8081/spring/board/list/N
[12:17:13.763] - 0:0:0:0:0:0:0:1:web::http://localhost:8081/spring/board/detail/N/4
[12:17:13.813] - 0:0:0:0:0:0:0:1:web::http://localhost:8081/spring/reply/selectReplyList?bno=4
[12:17:15.442] - 0:0:0:0:0:0:0:1:web::http://localhost:8081/spring/board/list/N
[12:17:18.802] - 0:0:0:0:0:0:0:1:web::http://localhost:8081/spring/member/login?userId=aaa&userPwd=1234
[12:17:18.892] - 0:0:0:0:0:0:0:1:web:aaa:http://localhost:8081/spring/main
[12:17:18.969] - 0:0:0:0:0:0:0:1:web:aaa:http://localhost:8081/spring/member/selectAll
[12:17:20.825] - 0:0:0:0:0:0:0:1:web:aaa:http://localhost:8081/spring/board/list/N
[12:17:21.545] - 0:0:0:0:0:0:0:1:web:aaa:http://localhost:8081/spring/board/detail/N/17
[12:17:21.583] - 0:0:0:0:0:0:0:1:web:aaa:http://localhost:8081/spring/reply/selectReplyList?bno=17
[12:17:23.565] - 0:0:0:0:0:0:0:1:web:aaa:http://localhost:8081/spring/reply/insert?refBno=17&replyContent=DDDDD&replyWriter=4
[12:17:23.575] - 0:0:0:0:0:0:0:1:web:aaa:http://localhost:8081/spring/reply/selectReplyList?bno=17
[12:18:16.402] - 0:0:0:0:0:0:0:1:web:aaa:http://localhost:8081/spring/board/list/N
[12:18:17.579] - 0:0:0:0:0:0:0:1:web:aaa:http://localhost:8081/spring/board/detail/N/17
[12:18:17.633] - 0:0:0:0:0:0:0:1:web:aaa:http://localhost:8081/spring/reply/selectReplyList?bno=17
[12:18:18.468] - 0:0:0:0:0:0:0:1:web:aaa:http://localhost:8081/spring/board/list/N
[12:18:19.027] - 0:0:0:0:0:0:0:1:web:aaa:http://localhost:8081/spring/board/detail/N/8
[12:18:19.078] - 0:0:0:0:0:0:0:1:web:aaa:http://localhost:8081/spring/reply/selectReplyList?bno=8
[12:18:19.819] - 0:0:0:0:0:0:0:1:web:aaa:http://localhost:8081/spring/board/list/N
[12:18:20.730] - 0:0:0:0:0:0:0:1:web:aaa:http://localhost:8081/spring/board/enrollForm/N
[12:18:22.699] - 0:0:0:0:0:0:0:1:web:aaa:http://localhost:8081/spring/board/insert/N?mode=&boardTitle=44&boardWriter=4&boardContent=44&boardNo=0
[12:18:22.743] - 0:0:0:0:0:0:0:1:web:aaa:http://localhost:8081/spring/board/list/N
[12:18:24.387] - 0:0:0:0:0:0:0:1:web:aaa:http://localhost:8081/spring/board/detail/N/18
[12:18:24.442] - 0:0:0:0:0:0:0:1:web:aaa:http://localhost:8081/spring/reply/selectReplyList?bno=18
[12:19:44.471] - 0:0:0:0:0:0:0:1:web::http://localhost:8081/spring/board/detail/N/18
[12:20:37.801] - 0:0:0:0:0:0:0:1:web::http://localhost:8081/spring/board/detail/N/18
[12:20:38.097] - 0:0:0:0:0:0:0:1:web::http://localhost:8081/spring/reply/selectReplyList?bno=18
[14:14:01.858] - 0:0:0:0:0:0:0:1:web::http://localhost:8081/spring/main
[14:14:02.032] - 0:0:0:0:0:0:0:1:web::http://localhost:8081/spring/member/selectAll
[14:14:03.420] - 0:0:0:0:0:0:0:1:web::http://localhost:8081/spring/chat/chatRoomList
[14:15:33.851] - 0:0:0:0:0:0:0:1:web::http://localhost:8081/spring/chat/chatRoomList
[14:16:06.436] - 0:0:0:0:0:0:0:1:web::http://localhost:8081/spring/chat/chatRoomList
[14:16:29.734] - 0:0:0:0:0:0:0:1:web::http://localhost:8081/spring/chat/chatRoomList
[14:16:30.877] - 0:0:0:0:0:0:0:1:web::http://localhost:8081/spring/resources/css/chat-style.css
[14:18:35.670] - 0:0:0:0:0:0:0:1:web::http://localhost:8081/spring/chat/chatRoomList
[14:18:35.695] - 0:0:0:0:0:0:0:1:web::http://localhost:8081/spring/resources/css/chat-style.css
[14:18:38.085] - 0:0:0:0:0:0:0:1:web::http://localhost:8081/spring/chat/chatRoomList
[14:18:39.045] - 0:0:0:0:0:0:0:1:web::http://localhost:8081/spring/chat/chatRoomList
[14:18:39.493] - 0:0:0:0:0:0:0:1:web::http://localhost:8081/spring/chat/chatRoomList
[14:18:39.629] - 0:0:0:0:0:0:0:1:web::http://localhost:8081/spring/chat/chatRoomList
[14:18:39.757] - 0:0:0:0:0:0:0:1:web::http://localhost:8081/spring/chat/chatRoomList
[14:18:39.901] - 0:0:0:0:0:0:0:1:web::http://localhost:8081/spring/chat/chatRoomList
[14:18:46.183] - 0:0:0:0:0:0:0:1:web::http://localhost:8081/spring/chat/chatRoomList
[14:18:51.739] - 0:0:0:0:0:0:0:1:web::http://localhost:8081/spring/member/login?userId=aaa&userPwd=1234
[14:18:51.861] - 0:0:0:0:0:0:0:1:web:aaa:http://localhost:8081/spring/main
[14:18:51.938] - 0:0:0:0:0:0:0:1:web:aaa:http://localhost:8081/spring/member/selectAll
[14:18:54.744] - 0:0:0:0:0:0:0:1:web:aaa:http://localhost:8081/spring/chat/chatRoomList
[14:28:15.736] - 0:0:0:0:0:0:0:1:web:aaa:http://localhost:8081/spring/chat/chatRoomList
[14:28:15.755] - 0:0:0:0:0:0:0:1:web:aaa:http://localhost:8081/spring/resources/css/chat-style.css
[14:31:14.247] - 0:0:0:0:0:0:0:1:web::http://localhost:8081/spring/main
[14:31:14.459] - 0:0:0:0:0:0:0:1:web::http://localhost:8081/spring/member/selectAll
[14:31:16.250] - 0:0:0:0:0:0:0:1:web::http://localhost:8081/spring/chat/chatRoomList
[14:31:16.315] - 0:0:0:0:0:0:0:1:web::http://localhost:8081/spring/resources/css/chat-style.css
[14:31:45.846] - 0:0:0:0:0:0:0:1:web::http://localhost:8081/spring/chat/chatRoomList
[14:31:46.850] - 0:0:0:0:0:0:0:1:web::http://localhost:8081/spring/chat/chatRoomList
[14:31:47.118] - 0:0:0:0:0:0:0:1:web::http://localhost:8081/spring/chat/chatRoomList
[14:31:47.274] - 0:0:0:0:0:0:0:1:web::http://localhost:8081/spring/chat/chatRoomList
[14:31:47.419] - 0:0:0:0:0:0:0:1:web::http://localhost:8081/spring/chat/chatRoomList
[14:31:47.556] - 0:0:0:0:0:0:0:1:web::http://localhost:8081/spring/chat/chatRoomList
[14:31:47.696] - 0:0:0:0:0:0:0:1:web::http://localhost:8081/spring/chat/chatRoomList
[14:31:47.832] - 0:0:0:0:0:0:0:1:web::http://localhost:8081/spring/chat/chatRoomList
[14:31:47.973] - 0:0:0:0:0:0:0:1:web::http://localhost:8081/spring/chat/chatRoomList
[14:31:48.115] - 0:0:0:0:0:0:0:1:web::http://localhost:8081/spring/chat/chatRoomList
[14:31:48.259] - 0:0:0:0:0:0:0:1:web::http://localhost:8081/spring/chat/chatRoomList
[14:31:48.393] - 0:0:0:0:0:0:0:1:web::http://localhost:8081/spring/chat/chatRoomList
[14:31:48.545] - 0:0:0:0:0:0:0:1:web::http://localhost:8081/spring/chat/chatRoomList
[14:31:48.701] - 0:0:0:0:0:0:0:1:web::http://localhost:8081/spring/chat/chatRoomList
[14:31:48.818] - 0:0:0:0:0:0:0:1:web::http://localhost:8081/spring/chat/chatRoomList
[14:31:48.964] - 0:0:0:0:0:0:0:1:web::http://localhost:8081/spring/chat/chatRoomList
[14:32:57.856] - 0:0:0:0:0:0:0:1:web::http://localhost:8081/spring/chat/chatRoomList
[14:33:26.807] - 0:0:0:0:0:0:0:1:web::http://localhost:8081/spring/member/login?userId=aaa&userPwd=1234
[14:33:26.934] - 0:0:0:0:0:0:0:1:web:aaa:http://localhost:8081/spring/main
[14:33:27.037] - 0:0:0:0:0:0:0:1:web:aaa:http://localhost:8081/spring/member/selectAll
[14:33:29.457] - 0:0:0:0:0:0:0:1:web:aaa:http://localhost:8081/spring/chat/chatRoomList
[14:33:29.487] - 0:0:0:0:0:0:0:1:web:aaa:http://localhost:8081/spring/resources/css/chat-style.css
[14:33:30.367] - 0:0:0:0:0:0:0:1:web:aaa:http://localhost:8081/spring/chat/room/3
[14:33:33.528] - 0:0:0:0:0:0:0:1:web:aaa:http://localhost:8081/spring/chat/chatRoomList
[14:33:34.752] - 0:0:0:0:0:0:0:1:web:aaa:http://localhost:8081/spring/chat/room/2
[14:33:35.944] - 0:0:0:0:0:0:0:1:web:aaa:http://localhost:8081/spring/chat/chatRoomList
[14:33:40.908] - 0:0:0:0:0:0:0:1:web:aaa:http://localhost:8081/spring/chat/openChatRoom?title=김홍석바보
[14:33:42.968] - 0:0:0:0:0:0:0:1:web:aaa:http://localhost:8081/spring/chat/chatRoomList
[15:00:14.686] - 0:0:0:0:0:0:0:1:web::http://localhost:8081/spring/main
[15:00:14.844] - 0:0:0:0:0:0:0:1:web::http://localhost:8081/spring/member/selectAll
[15:00:15.519] - 0:0:0:0:0:0:0:1:web::http://localhost:8081/spring/main
[15:00:15.550] - 0:0:0:0:0:0:0:1:web::http://localhost:8081/spring/member/selectAll
[15:00:19.861] - 0:0:0:0:0:0:0:1:web::http://localhost:8081/spring/member/login?userId=aaa&userPwd=1234
[15:01:59.553] - 0:0:0:0:0:0:0:1:web::http://localhost:8081/spring/member/login?userId=aaa&userPwd=1234
[15:02:02.872] - 0:0:0:0:0:0:0:1:web::http://localhost:8081/spring/member/login?userId=aaa&userPwd=1234
[15:03:58.749] - 0:0:0:0:0:0:0:1:web::http://localhost:8081/spring/main
[15:03:58.885] - 0:0:0:0:0:0:0:1:web::http://localhost:8081/spring/member/selectAll
[15:04:08.894] - 0:0:0:0:0:0:0:1:web::http://localhost:8081/spring/member/selectAll
[15:04:18.884] - 0:0:0:0:0:0:0:1:web::http://localhost:8081/spring/member/selectAll
[15:04:28.894] - 0:0:0:0:0:0:0:1:web::http://localhost:8081/spring/member/selectAll
[15:04:38.895] - 0:0:0:0:0:0:0:1:web::http://localhost:8081/spring/member/selectAll
[15:04:48.884] - 0:0:0:0:0:0:0:1:web::http://localhost:8081/spring/member/selectAll
[15:04:58.890] - 0:0:0:0:0:0:0:1:web::http://localhost:8081/spring/member/selectAll
[15:05:08.898] - 0:0:0:0:0:0:0:1:web::http://localhost:8081/spring/member/selectAll
[15:05:18.895] - 0:0:0:0:0:0:0:1:web::http://localhost:8081/spring/member/selectAll
[09:41:45.870] - 0:0:0:0:0:0:0:1:web::http://localhost:8081/spring/main
[09:41:46.162] - 0:0:0:0:0:0:0:1:web::http://localhost:8081/spring/resources/css/main-style.css
[09:41:46.194] - 0:0:0:0:0:0:0:1:web::http://localhost:8081/spring/resources/js/main/main.js
[09:41:46.207] - 0:0:0:0:0:0:0:1:web::http://localhost:8081/spring/resources/images/top_logo.jpg
[09:41:46.401] - 0:0:0:0:0:0:0:1:web::http://localhost:8081/spring/member/selectAll
[09:41:47.995] - 0:0:0:0:0:0:0:1:web::http://localhost:8081/spring/chat/chatRoomList
[09:41:49.820] - 0:0:0:0:0:0:0:1:web::http://localhost:8081/spring/resources/css/chat-style.css
[09:41:52.168] - 0:0:0:0:0:0:0:1:web::http://localhost:8081/spring/member/login?userId=minjae&userPwd=1234
[09:41:52.385] - 0:0:0:0:0:0:0:1:web:minjae:http://localhost:8081/spring/main
[09:41:52.475] - 0:0:0:0:0:0:0:1:web:minjae:http://localhost:8081/spring/resources/images/user.jpg
[09:41:52.551] - 0:0:0:0:0:0:0:1:web:minjae:http://localhost:8081/spring/member/selectAll
[09:41:54.756] - 0:0:0:0:0:0:0:1:web:minjae:http://localhost:8081/spring/chat/chatRoomList
[09:42:00.328] - 0:0:0:0:0:0:0:1:web:minjae:http://localhost:8081/spring/chat/openChatRoom?title=오 되나
[09:42:00.407] - 0:0:0:0:0:0:0:1:web:minjae:http://localhost:8081/spring/chat/chatRoomList?alertMsg=%EC%B1%84%ED%8C%85%EB%B0%A9+%EC%83%9D%EC%84%B1+%EC%84%B1%EA%B3%B5
[09:49:38.579] - 0:0:0:0:0:0:0:1:web:minjae:http://localhost:8081/spring/chat/chatRoomList?alertMsg=%EC%B1%84%ED%8C%85%EB%B0%A9+%EC%83%9D%EC%84%B1+%EC%84%B1%EA%B3%B5
[09:49:49.167] - 0:0:0:0:0:0:0:1:web:minjae:http://localhost:8081/spring/chat/openChatRoom?title=또 되나?
[09:49:49.182] - 0:0:0:0:0:0:0:1:web:minjae:http://localhost:8081/spring/chat/chatRoomList?alertMsg=%EC%B1%84%ED%8C%85%EB%B0%A9+%EC%83%9D%EC%84%B1+%EC%84%B1%EA%B3%B5
[10:40:05.211] - 0:0:0:0:0:0:0:1:web::http://localhost:8081/spring/main
[10:40:05.640] - 0:0:0:0:0:0:0:1:web::http://localhost:8081/spring/member/selectAll
[10:40:08.661] - 0:0:0:0:0:0:0:1:web::http://localhost:8081/spring/member/login?userId=minjae&userPwd=1234
[10:40:08.940] - 0:0:0:0:0:0:0:1:web:minjae:http://localhost:8081/spring/main
[10:40:09.099] - 0:0:0:0:0:0:0:1:web:minjae:http://localhost:8081/spring/member/selectAll
[10:40:11.625] - 0:0:0:0:0:0:0:1:web:minjae:http://localhost:8081/spring/chat/chatRoomList
[10:40:11.784] - 0:0:0:0:0:0:0:1:web:minjae:http://localhost:8081/spring/resources/css/chat-style.css
[10:40:13.086] - 0:0:0:0:0:0:0:1:web:minjae:http://localhost:8081/spring/chat/room/2
[10:40:15.018] - 0:0:0:0:0:0:0:1:web:minjae:http://localhost:8081/spring/resources/main/chunsickbackground.png
[11:09:01.449] - 0:0:0:0:0:0:0:1:web::http://localhost:8081/spring/main
[11:09:01.833] - 0:0:0:0:0:0:0:1:web::http://localhost:8081/spring/member/selectAll
[11:09:04.563] - 0:0:0:0:0:0:0:1:web::http://localhost:8081/spring/member/login?userId=minjae&userPwd=1234
[11:09:04.795] - 0:0:0:0:0:0:0:1:web:minjae:http://localhost:8081/spring/main
[11:09:04.942] - 0:0:0:0:0:0:0:1:web:minjae:http://localhost:8081/spring/member/selectAll
[11:09:07.071] - 0:0:0:0:0:0:0:1:web:minjae:http://localhost:8081/spring/chat/chatRoomList
[11:09:08.627] - 0:0:0:0:0:0:0:1:web:minjae:http://localhost:8081/spring/chat/room/2
[11:09:10.700] - 0:0:0:0:0:0:0:1:web:minjae:http://localhost:8081/spring/resources/js/chat/chat.js
[11:09:10.746] - 0:0:0:0:0:0:0:1:web:minjae:http://localhost:8081/spring/resources/main/chunsickbackground.png
[11:09:10.755] - 0:0:0:0:0:0:0:1:web:minjae:http://localhost:8081/spring/chat/info?t=1683166150744
[11:09:10.807] - 0:0:0:0:0:0:0:1:web:minjae:http://localhost:8081/spring/chat/199/5yocgxd2/websocket
[11:13:20.448] - 0:0:0:0:0:0:0:1:web:minjae:http://localhost:8081/spring/chat/room/2
[11:13:20.531] - 0:0:0:0:0:0:0:1:web:minjae:http://localhost:8081/spring/resources/js/chat/chat.js
[11:13:20.599] - 0:0:0:0:0:0:0:1:web:minjae:http://localhost:8081/spring/resources/main/chunsickbackground.png
[11:13:20.615] - 0:0:0:0:0:0:0:1:web:minjae:http://localhost:8081/spring/chat/info?t=1683166400602
[11:13:20.637] - 0:0:0:0:0:0:0:1:web:minjae:http://localhost:8081/spring/chat/889/allh4dmf/websocket
[11:19:18.450] - 0:0:0:0:0:0:0:1:web:minjae:http://localhost:8081/spring/chat/room/2
[11:19:18.581] - 0:0:0:0:0:0:0:1:web:minjae:http://localhost:8081/spring/resources/js/chat/chat.js
[11:19:18.665] - 0:0:0:0:0:0:0:1:web:minjae:http://localhost:8081/spring/resources/main/chunsickbackground.png
[11:19:18.685] - 0:0:0:0:0:0:0:1:web:minjae:http://localhost:8081/spring/chat/info?t=1683166758670
[11:19:18.708] - 0:0:0:0:0:0:0:1:web:minjae:http://localhost:8081/spring/chat/649/5gk1do03/websocket
[12:02:52.090] - 0:0:0:0:0:0:0:1:web::http://localhost:8081/spring/main
[12:02:52.526] - 0:0:0:0:0:0:0:1:web::http://localhost:8081/spring/member/selectAll
[12:02:54.817] - 0:0:0:0:0:0:0:1:web::http://localhost:8081/spring/member/login?userId=minjae&userPwd=1234
[12:02:55.131] - 0:0:0:0:0:0:0:1:web:minjae:http://localhost:8081/spring/main
[12:02:55.282] - 0:0:0:0:0:0:0:1:web:minjae:http://localhost:8081/spring/member/selectAll
[12:02:57.973] - 0:0:0:0:0:0:0:1:web:minjae:http://localhost:8081/spring/chat/chatRoomList
[12:02:58.133] - 0:0:0:0:0:0:0:1:web:minjae:http://localhost:8081/spring/resources/css/chat-style.css
[12:02:59.761] - 0:0:0:0:0:0:0:1:web:minjae:http://localhost:8081/spring/chat/room/2
[12:02:59.881] - 0:0:0:0:0:0:0:1:web:minjae:http://localhost:8081/spring/resources/js/chat/chat.js
[12:02:59.946] - 0:0:0:0:0:0:0:1:web:minjae:http://localhost:8081/spring/resources/main/chunsickbackground.png
[12:02:59.963] - 0:0:0:0:0:0:0:1:web:minjae:http://localhost:8081/spring/chat/info?t=1683169379951
[12:03:00.040] - 0:0:0:0:0:0:0:1:web:minjae:http://localhost:8081/spring/chat/269/utmliogd/websocket
[12:03:05.862] - 0:0:0:0:0:0:0:1:web:minjae:http://localhost:8081/spring/chat/room/2
[12:03:06.084] - 0:0:0:0:0:0:0:1:web:minjae:http://localhost:8081/spring/chat/info?t=1683169386067
[12:03:06.100] - 0:0:0:0:0:0:0:1:web:minjae:http://localhost:8081/spring/chat/242/v0xuln3e/websocket
[12:03:54.995] - 0:0:0:0:0:0:0:1:web::http://localhost:8081/spring/main
[12:03:55.470] - 0:0:0:0:0:0:0:1:web::http://localhost:8081/spring/member/selectAll
[12:03:57.204] - 0:0:0:0:0:0:0:1:web::http://localhost:8081/spring/member/login?userId=minjae&userPwd=1234
[12:03:57.463] - 0:0:0:0:0:0:0:1:web:minjae:http://localhost:8081/spring/main
[12:03:57.614] - 0:0:0:0:0:0:0:1:web:minjae:http://localhost:8081/spring/member/selectAll
[12:04:00.053] - 0:0:0:0:0:0:0:1:web:minjae:http://localhost:8081/spring/chat/chatRoomList
[12:04:01.333] - 0:0:0:0:0:0:0:1:web:minjae:http://localhost:8081/spring/chat/room/2
[12:04:01.584] - 0:0:0:0:0:0:0:1:web:minjae:http://localhost:8081/spring/chat/info?t=1683169441549
[12:04:01.635] - 0:0:0:0:0:0:0:1:web:minjae:http://localhost:8081/spring/chat/450/urg1g4rg/websocket
[12:04:10.223] - 0:0:0:0:0:0:0:1:web:minjae:http://localhost:8081/spring/chat/room/2
[12:04:10.333] - 0:0:0:0:0:0:0:1:web:minjae:http://localhost:8081/spring/chat/info?t=1683169450320
[12:04:10.345] - 0:0:0:0:0:0:0:1:web:minjae:http://localhost:8081/spring/chat/883/slhwcsmc/websocket
[12:19:38.760] - 0:0:0:0:0:0:0:1:web:minjae:http://localhost:8081/spring/chat/room/2
[12:19:38.852] - 0:0:0:0:0:0:0:1:web:minjae:http://localhost:8081/spring/resources/js/chat/chat.js
[12:19:38.905] - 0:0:0:0:0:0:0:1:web:minjae:http://localhost:8081/spring/resources/main/chunsickbackground.png
[12:19:38.915] - 0:0:0:0:0:0:0:1:web:minjae:http://localhost:8081/spring/chat/info?t=1683170378909
[12:19:38.931] - 0:0:0:0:0:0:0:1:web:minjae:http://localhost:8081/spring/chat/093/4sufykgz/websocket
[12:20:06.957] - 0:0:0:0:0:0:0:1:web:minjae:http://localhost:8081/spring/chat/room/2
[12:20:07.057] - 0:0:0:0:0:0:0:1:web:minjae:http://localhost:8081/spring/resources/js/chat/chat.js
[12:20:07.125] - 0:0:0:0:0:0:0:1:web:minjae:http://localhost:8081/spring/chat/info?t=1683170407116
[12:20:07.142] - 0:0:0:0:0:0:0:1:web:minjae:http://localhost:8081/spring/chat/631/q5hhdis4/websocket
[12:26:44.145] - 0:0:0:0:0:0:0:1:web:minjae:http://localhost:8081/spring/chat/room/2
[12:26:44.241] - 0:0:0:0:0:0:0:1:web:minjae:http://localhost:8081/spring/resources/js/chat/chat.js
[12:26:44.335] - 0:0:0:0:0:0:0:1:web:minjae:http://localhost:8081/spring/chat/info?t=1683170804311
[12:26:44.351] - 0:0:0:0:0:0:0:1:web:minjae:http://localhost:8081/spring/chat/840/1ti03kn1/websocket
[12:28:47.865] - 0:0:0:0:0:0:0:1:web:minjae:http://localhost:8081/spring/chat/room/2
[12:28:48.003] - 0:0:0:0:0:0:0:1:web:minjae:http://localhost:8081/spring/resources/js/chat/chat.js
[12:28:48.105] - 0:0:0:0:0:0:0:1:web:minjae:http://localhost:8081/spring/chat/info?t=1683170928081
[12:28:48.124] - 0:0:0:0:0:0:0:1:web:minjae:http://localhost:8081/spring/chat/430/d1kvoqwu/websocket
[12:28:54.229] - 0:0:0:0:0:0:0:1:web:minjae:http://localhost:8081/spring/chat/room/2
[12:28:54.303] - 0:0:0:0:0:0:0:1:web:minjae:http://localhost:8081/spring/resources/js/chat/chat.js
[12:28:54.354] - 0:0:0:0:0:0:0:1:web:minjae:http://localhost:8081/spring/chat/info?t=1683170934347
[12:28:54.385] - 0:0:0:0:0:0:0:1:web:minjae:http://localhost:8081/spring/chat/295/ftxw02is/websocket
[12:34:16.403] - 0:0:0:0:0:0:0:1:web:minjae:http://localhost:8081/spring/chat/room/2
[12:34:16.523] - 0:0:0:0:0:0:0:1:web:minjae:http://localhost:8081/spring/resources/js/chat/chat.js
[12:34:16.609] - 0:0:0:0:0:0:0:1:web:minjae:http://localhost:8081/spring/resources/main/chunsickbackground.png
[12:34:16.624] - 0:0:0:0:0:0:0:1:web:minjae:http://localhost:8081/spring/chat/info?t=1683171256611
[12:34:16.639] - 0:0:0:0:0:0:0:1:web:minjae:http://localhost:8081/spring/chat/830/yhz5do2w/websocket
[12:36:39.417] - 0:0:0:0:0:0:0:1:web:minjae:http://localhost:8081/spring/chat/room/2
[12:36:39.544] - 0:0:0:0:0:0:0:1:web:minjae:http://localhost:8081/spring/resources/css/main-style.css
[12:36:39.550] - 0:0:0:0:0:0:0:1:web:minjae:http://localhost:8081/spring/resources/css/chat-style.css
[12:36:39.608] - 0:0:0:0:0:0:0:1:web:minjae:http://localhost:8081/spring/resources/js/chat/chat.js
[12:36:39.613] - 0:0:0:0:0:0:0:1:web:minjae:http://localhost:8081/spring/resources/images/top_logo.jpg
[12:36:39.852] - 0:0:0:0:0:0:0:1:web:minjae:http://localhost:8081/spring/resources/main/chunsickbackground.png
[12:36:39.879] - 0:0:0:0:0:0:0:1:web:minjae:http://localhost:8081/spring/chat/info?t=1683171399855
[12:36:39.915] - 0:0:0:0:0:0:0:1:web:minjae:http://localhost:8081/spring/chat/432/0l5eqwjl/websocket
[12:36:56.725] - 0:0:0:0:0:0:0:1:web:minjae:http://localhost:8081/spring/chat/room/2
[12:36:56.824] - 0:0:0:0:0:0:0:1:web:minjae:http://localhost:8081/spring/resources/js/chat/chat.js
[12:36:56.947] - 0:0:0:0:0:0:0:1:web:minjae:http://localhost:8081/spring/chat/info?t=1683171416918
[12:36:56.987] - 0:0:0:0:0:0:0:1:web:minjae:http://localhost:8081/spring/chat/140/5glvfaby/websocket
[12:39:07.939] - 0:0:0:0:0:0:0:1:web:minjae:http://localhost:8081/spring/chat/room/2
[12:39:08.024] - 0:0:0:0:0:0:0:1:web:minjae:http://localhost:8081/spring/resources/js/chat/chat.js
[12:39:08.088] - 0:0:0:0:0:0:0:1:web:minjae:http://localhost:8081/spring/chat/info?t=1683171548083
[12:39:08.110] - 0:0:0:0:0:0:0:1:web:minjae:http://localhost:8081/spring/chat/451/btia304e/websocket
[12:39:14.532] - 0:0:0:0:0:0:0:1:web:minjae:http://localhost:8081/spring/chat/room/2
[12:39:14.618] - 0:0:0:0:0:0:0:1:web:minjae:http://localhost:8081/spring/resources/js/chat/chat.js
[12:39:14.685] - 0:0:0:0:0:0:0:1:web:minjae:http://localhost:8081/spring/chat/info?t=1683171554672
[12:39:14.699] - 0:0:0:0:0:0:0:1:web:minjae:http://localhost:8081/spring/chat/429/h10a5l4i/websocket
[14:01:41.316] - 0:0:0:0:0:0:0:1:web::http://localhost:8081/spring/main
[14:01:41.842] - 0:0:0:0:0:0:0:1:web::http://localhost:8081/spring/member/selectAll
[14:01:43.785] - 0:0:0:0:0:0:0:1:web::http://localhost:8081/spring/member/login?userId=minjae&userPwd=1234
[14:01:44.045] - 0:0:0:0:0:0:0:1:web:minjae:http://localhost:8081/spring/main
[14:01:44.172] - 0:0:0:0:0:0:0:1:web:minjae:http://localhost:8081/spring/member/selectAll
[14:01:49.031] - 0:0:0:0:0:0:0:1:web:minjae:http://localhost:8081/spring/chat/chatRoomList
[14:01:49.196] - 0:0:0:0:0:0:0:1:web:minjae:http://localhost:8081/spring/resources/css/chat-style.css
[14:01:50.457] - 0:0:0:0:0:0:0:1:web:minjae:http://localhost:8081/spring/chat/room/2
[14:01:52.637] - 0:0:0:0:0:0:0:1:web:minjae:http://localhost:8081/spring/resources/js/chat/chat.js
[14:01:52.716] - 0:0:0:0:0:0:0:1:web:minjae:http://localhost:8081/spring/resources/main/chunsickbackground.png
[14:01:52.758] - 0:0:0:0:0:0:0:1:web:minjae:http://localhost:8081/spring/chat/info?t=1683176512743
[14:01:52.840] - 0:0:0:0:0:0:0:1:web:minjae:http://localhost:8081/spring/chat/348/1fn00xoy/websocket
[14:01:55.253] - 0:0:0:0:0:0:0:1:web:minjae:http://localhost:8081/spring/chat/exit?chatRoomNo=2
[14:02:39.735] - 0:0:0:0:0:0:0:1:web:minjae:http://localhost:8081/spring/chat/chatRoomList
[14:02:47.151] - 0:0:0:0:0:0:0:1:web:minjae:http://localhost:8081/spring/chat/room/1
[14:02:47.255] - 0:0:0:0:0:0:0:1:web:minjae:http://localhost:8081/spring/resources/js/chat/chat.js
[14:02:47.307] - 0:0:0:0:0:0:0:1:web:minjae:http://localhost:8081/spring/chat/info?t=1683176567301
[14:02:47.321] - 0:0:0:0:0:0:0:1:web:minjae:http://localhost:8081/spring/chat/396/d134etbd/websocket
[14:02:49.058] - 0:0:0:0:0:0:0:1:web:minjae:http://localhost:8081/spring/chat/exit?chatRoomNo=1
[14:02:54.527] - 0:0:0:0:0:0:0:1:web:minjae:http://localhost:8081/spring/chat/chatRoomList
[14:04:58.461] - 0:0:0:0:0:0:0:1:web:minjae:http://localhost:8081/spring/chat/openChatRoom?title=1
[14:04:58.491] - 0:0:0:0:0:0:0:1:web:minjae:http://localhost:8081/spring/chat/room/3
[14:04:59.201] - 0:0:0:0:0:0:0:1:web:minjae:http://localhost:8081/spring/resources/js/chat/chat.js
[14:04:59.313] - 0:0:0:0:0:0:0:1:web:minjae:http://localhost:8081/spring/chat/info?t=1683176699285
[14:04:59.338] - 0:0:0:0:0:0:0:1:web:minjae:http://localhost:8081/spring/chat/340/vfe2rpfj/websocket
[14:05:02.150] - 0:0:0:0:0:0:0:1:web:minjae:http://localhost:8081/spring/chat/exit?chatRoomNo=3
[14:05:08.077] - 0:0:0:0:0:0:0:1:web:minjae:http://localhost:8081/spring/chat/chatRoomList
[14:06:05.149] - 0:0:0:0:0:0:0:1:web:minjae:http://localhost:8081/spring/chat/openChatRoom?title=123
[14:06:05.163] - 0:0:0:0:0:0:0:1:web:minjae:http://localhost:8081/spring/chat/room/4
[14:06:05.268] - 0:0:0:0:0:0:0:1:web:minjae:http://localhost:8081/spring/resources/js/chat/chat.js
[14:06:05.415] - 0:0:0:0:0:0:0:1:web:minjae:http://localhost:8081/spring/chat/info?t=1683176765392
[14:06:05.436] - 0:0:0:0:0:0:0:1:web:minjae:http://localhost:8081/spring/chat/202/imvjuw2z/websocket
[14:06:19.089] - 0:0:0:0:0:0:0:1:web:minjae:http://localhost:8081/spring/chat/exit?chatRoomNo=4
[14:08:44.735] - 0:0:0:0:0:0:0:1:web::http://localhost:8081/spring/main
[14:08:45.196] - 0:0:0:0:0:0:0:1:web::http://localhost:8081/spring/member/selectAll
[14:08:46.808] - 0:0:0:0:0:0:0:1:web::http://localhost:8081/spring/member/login?userId=minjae&userPwd=1234
[14:08:47.060] - 0:0:0:0:0:0:0:1:web:minjae:http://localhost:8081/spring/main
[14:08:47.188] - 0:0:0:0:0:0:0:1:web:minjae:http://localhost:8081/spring/member/selectAll
[14:08:50.122] - 0:0:0:0:0:0:0:1:web:minjae:http://localhost:8081/spring/chat/chatRoomList
[14:08:52.697] - 0:0:0:0:0:0:0:1:web:minjae:http://localhost:8081/spring/chat/openChatRoom?title=123
[14:08:52.790] - 0:0:0:0:0:0:0:1:web:minjae:http://localhost:8081/spring/chat/room/5
[14:08:54.745] - 0:0:0:0:0:0:0:1:web:minjae:http://localhost:8081/spring/resources/js/chat/chat.js
[14:08:54.791] - 0:0:0:0:0:0:0:1:web:minjae:http://localhost:8081/spring/chat/info?t=1683176934785
[14:08:54.811] - 0:0:0:0:0:0:0:1:web:minjae:http://localhost:8081/spring/chat/405/xtlk50pd/websocket
[14:08:57.269] - 0:0:0:0:0:0:0:1:web:minjae:http://localhost:8081/spring/chat/exit?chatRoomNo=5
[14:08:57.474] - 0:0:0:0:0:0:0:1:web:minjae:http://localhost:8081/spring/chat/chatRoomList
[14:09:18.879] - 0:0:0:0:0:0:0:1:web:minjae:http://localhost:8081/spring/chat/openChatRoom?title=12345
[14:09:18.893] - 0:0:0:0:0:0:0:1:web:minjae:http://localhost:8081/spring/chat/room/6
[14:09:19.038] - 0:0:0:0:0:0:0:1:web:minjae:http://localhost:8081/spring/chat/info?t=1683176959033
[14:09:19.057] - 0:0:0:0:0:0:0:1:web:minjae:http://localhost:8081/spring/chat/889/vcx1xd5u/websocket
[14:09:37.578] - 0:0:0:0:0:0:0:1:web:minjae:http://localhost:8081/spring/chat/exit?chatRoomNo=6
[14:09:37.601] - 0:0:0:0:0:0:0:1:web:minjae:http://localhost:8081/spring/chat/chatRoomList
[15:01:15.582] - 0:0:0:0:0:0:0:1:web::http://localhost:8081/spring/chat/chatRoomList
[15:01:24.123] - 0:0:0:0:0:0:0:1:web::http://localhost:8081/spring/main
[15:01:24.377] - 0:0:0:0:0:0:0:1:web::http://localhost:8081/spring/member/selectAll
[15:01:34.347] - 0:0:0:0:0:0:0:1:web::http://localhost:8081/spring/member/selectAll
[15:01:44.329] - 0:0:0:0:0:0:0:1:web::http://localhost:8081/spring/member/selectAll
[15:01:54.330] - 0:0:0:0:0:0:0:1:web::http://localhost:8081/spring/member/selectAll
[15:02:04.350] - 0:0:0:0:0:0:0:1:web::http://localhost:8081/spring/member/selectAll
[15:02:14.328] - 0:0:0:0:0:0:0:1:web::http://localhost:8081/spring/member/selectAll
[15:02:24.360] - 0:0:0:0:0:0:0:1:web::http://localhost:8081/spring/member/selectAll
[15:02:34.343] - 0:0:0:0:0:0:0:1:web::http://localhost:8081/spring/member/selectAll
[15:02:44.338] - 0:0:0:0:0:0:0:1:web::http://localhost:8081/spring/member/selectAll
[09:06:00.691] - 0:0:0:0:0:0:0:1:web::http://localhost:8081/spring/main
[09:06:02.522] - 0:0:0:0:0:0:0:1:web::http://localhost:8081/spring/resources/css/main-style.css
[09:06:02.565] - 0:0:0:0:0:0:0:1:web::http://localhost:8081/spring/resources/js/main/main.js
[09:06:02.566] - 0:0:0:0:0:0:0:1:web::http://localhost:8081/spring/resources/images/top_logo.jpg
[09:06:02.706] - 0:0:0:0:0:0:0:1:web::http://localhost:8081/spring/member/selectAll
[09:06:09.624] - 0:0:0:0:0:0:0:1:web::http://localhost:8081/spring/member/login?userId=aaa&userPwd=1234
[09:06:09.772] - 0:0:0:0:0:0:0:1:web:aaa:http://localhost:8081/spring/main
[09:06:09.791] - 0:0:0:0:0:0:0:1:web:aaa:http://localhost:8081/spring/resources/images/user.jpg
[09:06:09.814] - 0:0:0:0:0:0:0:1:web:aaa:http://localhost:8081/spring/member/selectAll
[09:06:12.148] - 0:0:0:0:0:0:0:1:web:aaa:http://localhost:8081/spring/chat/chatRoomList
[09:06:12.216] - 0:0:0:0:0:0:0:1:web:aaa:http://localhost:8081/spring/resources/css/chat-style.css
[09:06:14.137] - 0:0:0:0:0:0:0:1:web:aaa:http://localhost:8081/spring/chat/room/3
[09:06:14.449] - 0:0:0:0:0:0:0:1:web:aaa:http://localhost:8081/spring/resources/js/chat/chat.js
[09:06:14.466] - 0:0:0:0:0:0:0:1:web:aaa:http://localhost:8081/spring/resources/main/chunsickbackground.png
[09:06:14.485] - 0:0:0:0:0:0:0:1:web:aaa:http://localhost:8081/spring/chat/info?t=1683504374479
[09:06:14.502] - 0:0:0:0:0:0:0:1:web:aaa:http://localhost:8081/spring/chat/673/ev1znx41/websocket
[09:06:16.703] - 0:0:0:0:0:0:0:1:web:aaa:http://localhost:8081/spring/chat/exit?chatRoomNo=3
[09:06:16.760] - 0:0:0:0:0:0:0:1:web:aaa:http://localhost:8081/spring/chat/chatRoomList
[09:06:17.770] - 0:0:0:0:0:0:0:1:web:aaa:http://localhost:8081/spring/chat/room/2
[09:06:17.805] - 0:0:0:0:0:0:0:1:web:aaa:http://localhost:8081/spring/chat/info?t=1683504377803
[09:06:17.809] - 0:0:0:0:0:0:0:1:web:aaa:http://localhost:8081/spring/chat/095/x2pqqomv/websocket
[09:06:40.386] - 0:0:0:0:0:0:0:1:web:aaa:http://localhost:8081/spring/chat/exit?chatRoomNo=2
[09:06:40.395] - 0:0:0:0:0:0:0:1:web:aaa:http://localhost:8081/spring/chat/chatRoomList
[10:07:37.975] - 0:0:0:0:0:0:0:1:web::http://localhost:8081/spring/chat/chatRoomList
[10:07:41.393] - 0:0:0:0:0:0:0:1:web::http://localhost:8081/spring/main
[10:07:41.511] - 0:0:0:0:0:0:0:1:web::http://localhost:8081/spring/member/selectAll
[10:07:45.572] - 0:0:0:0:0:0:0:1:web::http://localhost:8081/spring/member/login?userId=aaa&userPwd=1234
[10:07:45.694] - 0:0:0:0:0:0:0:1:web:aaa:http://localhost:8081/spring/main
[10:07:45.738] - 0:0:0:0:0:0:0:1:web:aaa:http://localhost:8081/spring/member/selectAll
[10:07:48.063] - 0:0:0:0:0:0:0:1:web:aaa:http://localhost:8081/spring/board/list/P
[10:07:48.191] - 0:0:0:0:0:0:0:1:web:aaa:http://localhost:8081/spring/resources/images/boardT/2023050212221128486.jpg
[10:07:48.191] - 0:0:0:0:0:0:0:1:web:aaa:http://localhost:8081/spring/resources/images/boardT/2023050214252621548.jpg
[10:07:48.191] - 0:0:0:0:0:0:0:1:web:aaa:http://localhost:8081/spring/resources/images/boardT//2023050212303949437.jpg
[10:07:48.191] - 0:0:0:0:0:0:0:1:web:aaa:http://localhost:8081/spring/resources/images/boardT//2023050212261520236.jpg
[10:07:48.191] - 0:0:0:0:0:0:0:1:web:aaa:http://localhost:8081/spring/resources/images/boardT/2023050212421971638.jpg
[10:07:49.827] - 0:0:0:0:0:0:0:1:web:aaa:http://localhost:8081/spring/board/enrollForm/P
[10:08:04.151] - 0:0:0:0:0:0:0:1:web:aaa:http://localhost:8081/spring/board/insert/P?mode=&deleteList=&changeName=&boardTitle=11&boardWriter=4&boardContent=44&originName=&boardNo=0
[10:08:04.307] - 0:0:0:0:0:0:0:1:web:aaa:http://localhost:8081/spring/board/list/P
[10:08:04.330] - 0:0:0:0:0:0:0:1:web:aaa:http://localhost:8081/spring/resources/images/boardT/2023050810080458516.jpg
[10:08:06.617] - 0:0:0:0:0:0:0:1:web:aaa:http://localhost:8081/spring/board/detail/P/19
[10:08:10.000] - 0:0:0:0:0:0:0:1:web:aaa:http://localhost:8081/spring/board/detail/P/16
[10:08:10.055] - 0:0:0:0:0:0:0:1:web:aaa:http://localhost:8081/spring/reply/selectReplyList?bno=16
[10:58:37.331] - 0:0:0:0:0:0:0:1:web::http://localhost:8081/spring/main
[10:58:37.581] - 0:0:0:0:0:0:0:1:web::http://localhost:8081/spring/member/selectAll
[10:58:42.138] - 0:0:0:0:0:0:0:1:web::http://localhost:8081/spring/member/login?userId=aaa&userPwd=1234
[10:58:42.283] - 0:0:0:0:0:0:0:1:web:aaa:http://localhost:8081/spring/main
[10:58:42.332] - 0:0:0:0:0:0:0:1:web:aaa:http://localhost:8081/spring/member/selectAll
[10:58:44.464] - 0:0:0:0:0:0:0:1:web:aaa:http://localhost:8081/spring/board/list/P
[10:58:44.530] - 0:0:0:0:0:0:0:1:web:aaa:http://localhost:8081/spring/resources/images/boardT/2023050810080458516.jpg
[10:58:45.624] - 0:0:0:0:0:0:0:1:web:aaa:http://localhost:8081/spring/board/enrollForm/P
[10:58:55.511] - 0:0:0:0:0:0:0:1:web:aaa:http://localhost:8081/spring/board/insert/P?mode=&deleteList=&changeName=&boardTitle=rrrrrr&boardWriter=4&boardContent=4444&originName=&boardNo=0
[10:58:55.604] - 0:0:0:0:0:0:0:1:web:aaa:http://localhost:8081/spring/board/list/P
[10:58:55.626] - 0:0:0:0:0:0:0:1:web:aaa:http://localhost:8081/spring/resources/images/boardT/2023050810585554917.jpg
[10:59:11.264] - 0:0:0:0:0:0:0:1:web:aaa:http://localhost:8081/spring/board/detail/P/20
[11:01:25.287] - 0:0:0:0:0:0:0:1:web::http://localhost:8081/spring/main
[11:01:25.416] - 0:0:0:0:0:0:0:1:web::http://localhost:8081/spring/member/selectAll
[11:01:28.825] - 0:0:0:0:0:0:0:1:web::http://localhost:8081/spring/member/login?userId=aaa&userPwd=1234
[11:01:28.958] - 0:0:0:0:0:0:0:1:web:aaa:http://localhost:8081/spring/main
[11:01:28.995] - 0:0:0:0:0:0:0:1:web:aaa:http://localhost:8081/spring/member/selectAll
[11:01:31.313] - 0:0:0:0:0:0:0:1:web:aaa:http://localhost:8081/spring/board/list/P
[11:01:31.378] - 0:0:0:0:0:0:0:1:web:aaa:http://localhost:8081/spring/resources/images/boardT/2023050810585554917.jpg
[11:01:32.343] - 0:0:0:0:0:0:0:1:web:aaa:http://localhost:8081/spring/board/detail/P/20
[11:01:34.240] - 0:0:0:0:0:0:0:1:web:aaa:http://localhost:8081/spring/board/enrollForm/P
[11:01:59.344] - 0:0:0:0:0:0:0:1:web:aaa:http://localhost:8081/spring/board/insert/P?mode=&deleteList=&changeName=&boardTitle=444&boardWriter=4&boardContent=김홍석괴바보&originName=&boardNo=0
[11:01:59.439] - 0:0:0:0:0:0:0:1:web:aaa:http://localhost:8081/spring/board/list/P
[11:01:59.462] - 0:0:0:0:0:0:0:1:web:aaa:http://localhost:8081/spring/resources/images/boardT/2023050811015975623.jpg
[11:01:59.463] - 0:0:0:0:0:0:0:1:web:aaa:http://localhost:8081/spring/resources/images/boardT/2023050810585554917.jpg
[11:02:01.447] - 0:0:0:0:0:0:0:1:web:aaa:http://localhost:8081/spring/board/detail/P/21
[11:02:27.720] - 0:0:0:0:0:0:0:1:web:aaa:http://localhost:8081/spring/board/list/P
[11:02:27.741] - 0:0:0:0:0:0:0:1:web:aaa:http://localhost:8081/spring/resources/images/boardT/2023050811015975623.jpg
[11:02:27.741] - 0:0:0:0:0:0:0:1:web:aaa:http://localhost:8081/spring/resources/images/boardT/2023050810585554917.jpg
[11:02:28.361] - 0:0:0:0:0:0:0:1:web:aaa:http://localhost:8081/spring/board/enrollForm/P
[11:02:34.093] - 0:0:0:0:0:0:0:1:web:aaa:http://localhost:8081/spring/board/insert/P?mode=&deleteList=&changeName=&boardTitle=ㄴㅇ&boardWriter=4&boardContent=ㄴㅇㄹ&originName=&boardNo=0
[11:02:34.160] - 0:0:0:0:0:0:0:1:web:aaa:http://localhost:8081/spring/board/list/P
[11:02:34.192] - 0:0:0:0:0:0:0:1:web:aaa:http://localhost:8081/spring/resources/images/boardT/2023050811015975623.jpg
[11:02:34.193] - 0:0:0:0:0:0:0:1:web:aaa:http://localhost:8081/spring/resources/images/boardT/2023050811023415405.jpg
[11:02:35.527] - 0:0:0:0:0:0:0:1:web:aaa:http://localhost:8081/spring/board/detail/P/22
[11:02:35.562] - 0:0:0:0:0:0:0:1:web:aaa:http://localhost:8081/spring/resources/images/boardT/2023050811023415405.jpg
[11:02:35.576] - 0:0:0:0:0:0:0:1:web:aaa:http://localhost:8081/spring/reply/selectReplyList?bno=22
[11:06:32.688] - 0:0:0:0:0:0:0:1:web::http://localhost:8081/spring/board/list/P
[11:06:32.945] - 0:0:0:0:0:0:0:1:web::http://localhost:8081/spring/resources/images/boardT/2023050810080458516.jpg
[11:06:32.945] - 0:0:0:0:0:0:0:1:web::http://localhost:8081/spring/resources/images/boardT/2023050811015975623.jpg
[11:06:32.945] - 0:0:0:0:0:0:0:1:web::http://localhost:8081/spring/resources/images/boardT/2023050810585554917.jpg
[11:06:32.945] - 0:0:0:0:0:0:0:1:web::http://localhost:8081/spring/resources/images/boardT/2023050811023415405.jpg
[11:06:46.375] - 0:0:0:0:0:0:0:1:web::http://localhost:8081/spring/member/login?userId=aaa&userPwd=1234
[11:06:46.479] - 0:0:0:0:0:0:0:1:web:aaa:http://localhost:8081/spring/main
[11:06:46.557] - 0:0:0:0:0:0:0:1:web:aaa:http://localhost:8081/spring/member/selectAll
[11:06:48.213] - 0:0:0:0:0:0:0:1:web:aaa:http://localhost:8081/spring/board/list/P
[11:06:49.038] - 0:0:0:0:0:0:0:1:web:aaa:http://localhost:8081/spring/board/enrollForm/P
[11:07:02.985] - 0:0:0:0:0:0:0:1:web:aaa:http://localhost:8081/spring/board/insert/P?mode=&deleteList=&changeName=&boardTitle=rrrrr&boardWriter=4&boardContent=fff&originName=&boardNo=0
[11:07:03.077] - 0:0:0:0:0:0:0:1:web:aaa:http://localhost:8081/spring/board/list/P
[11:07:03.100] - 0:0:0:0:0:0:0:1:web:aaa:http://localhost:8081/spring/resources/images/boardT/2023050811023415405.jpg
[11:07:03.101] - 0:0:0:0:0:0:0:1:web:aaa:http://localhost:8081/spring/resources/images/boardT/2023050811015975623.jpg
[11:07:03.101] - 0:0:0:0:0:0:0:1:web:aaa:http://localhost:8081/spring/resources/images/boardT/2023050811070392636.jpg
[11:07:05.179] - 0:0:0:0:0:0:0:1:web:aaa:http://localhost:8081/spring/board/detail/P/23
[11:07:05.215] - 0:0:0:0:0:0:0:1:web:aaa:http://localhost:8081/spring/resources/images/boardT/2023050811070357502.jpg
[11:07:05.215] - 0:0:0:0:0:0:0:1:web:aaa:http://localhost:8081/spring/resources/images/boardT/2023050811070392636.jpg
[11:07:05.215] - 0:0:0:0:0:0:0:1:web:aaa:http://localhost:8081/spring/resources/images/boardT/2023050811070317914.jpg
[11:07:05.233] - 0:0:0:0:0:0:0:1:web:aaa:http://localhost:8081/spring/reply/selectReplyList?bno=23
[11:10:18.608] - 0:0:0:0:0:0:0:1:web:aaa:http://localhost:8081/spring/board/detail/P/23
[11:10:18.631] - 0:0:0:0:0:0:0:1:web:aaa:http://localhost:8081/spring/resources/images/boardT/2023050811070317914.jpg
[11:10:18.631] - 0:0:0:0:0:0:0:1:web:aaa:http://localhost:8081/spring/resources/images/boardT/2023050811070357502.jpg
[11:10:18.631] - 0:0:0:0:0:0:0:1:web:aaa:http://localhost:8081/spring/resources/images/boardT/2023050811070392636.jpg
[11:10:18.647] - 0:0:0:0:0:0:0:1:web:aaa:http://localhost:8081/spring/reply/selectReplyList?bno=23
[11:10:52.678] - 0:0:0:0:0:0:0:1:web:aaa:http://localhost:8081/spring/board/detail/P/23
[11:10:52.698] - 0:0:0:0:0:0:0:1:web:aaa:http://localhost:8081/spring/resources/images/boardT/2023050811070317914.jpg
[11:10:52.698] - 0:0:0:0:0:0:0:1:web:aaa:http://localhost:8081/spring/resources/images/boardT/2023050811070357502.jpg
[11:10:52.698] - 0:0:0:0:0:0:0:1:web:aaa:http://localhost:8081/spring/resources/images/boardT/2023050811070392636.jpg
[11:10:52.713] - 0:0:0:0:0:0:0:1:web:aaa:http://localhost:8081/spring/reply/selectReplyList?bno=23
[11:10:55.367] - 0:0:0:0:0:0:0:1:web:aaa:http://localhost:8081/spring/board/enrollForm/P?mode=update&bno=23
[11:11:01.169] - 0:0:0:0:0:0:0:1:web:aaa:http://localhost:8081/spring/board/insert/P?mode=update&deleteList=0,1&changeName=&boardTitle=rrrrr&boardWriter=4&boardContent=fff&originName=&boardNo=23
[11:11:01.187] - 0:0:0:0:0:0:0:1:web:aaa:http://localhost:8081/spring/board/list/P
[11:11:01.204] - 0:0:0:0:0:0:0:1:web:aaa:http://localhost:8081/spring/resources/images/boardT/2023050811023415405.jpg
[11:11:01.204] - 0:0:0:0:0:0:0:1:web:aaa:http://localhost:8081/spring/resources/images/boardT/2023050811015975623.jpg
[11:11:01.204] - 0:0:0:0:0:0:0:1:web:aaa:http://localhost:8081/spring/resources/images/boardT/2023050810585554917.jpg
[11:11:44.510] - 0:0:0:0:0:0:0:1:web:aaa:http://localhost:8081/spring/board/detail/P/22
[11:11:44.545] - 0:0:0:0:0:0:0:1:web:aaa:http://localhost:8081/spring/reply/selectReplyList?bno=22
[11:11:48.781] - 0:0:0:0:0:0:0:1:web:aaa:http://localhost:8081/spring/board/detail/P/21
[11:11:48.799] - 0:0:0:0:0:0:0:1:web:aaa:http://localhost:8081/spring/resources/images/boardT/2023050811015965131.jpg
[11:11:48.800] - 0:0:0:0:0:0:0:1:web:aaa:http://localhost:8081/spring/resources/images/boardT/2023050811015989569.jpg
[11:11:48.800] - 0:0:0:0:0:0:0:1:web:aaa:http://localhost:8081/spring/resources/images/boardT/2023050811015960210.jpg
[11:11:48.821] - 0:0:0:0:0:0:0:1:web:aaa:http://localhost:8081/spring/reply/selectReplyList?bno=21
[11:11:51.670] - 0:0:0:0:0:0:0:1:web:aaa:http://localhost:8081/spring/board/enrollForm/P?mode=update&bno=21
[11:11:56.778] - 0:0:0:0:0:0:0:1:web:aaa:http://localhost:8081/spring/board/insert/P?mode=update&deleteList=0,2&changeName=&boardTitle=444&boardWriter=4&boardContent=김홍석괴바보&originName=&boardNo=21
[11:11:56.786] - 0:0:0:0:0:0:0:1:web:aaa:http://localhost:8081/spring/board/list/P
[11:11:56.804] - 0:0:0:0:0:0:0:1:web:aaa:http://localhost:8081/spring/resources/images/boardT/2023050811023415405.jpg
[12:32:31.548] - 0:0:0:0:0:0:0:1:web::http://localhost:8081/spring/main
[12:32:31.738] - 0:0:0:0:0:0:0:1:web::http://localhost:8081/spring/member/selectAll
[12:32:41.742] - 0:0:0:0:0:0:0:1:web::http://localhost:8081/spring/member/selectAll
[12:32:51.736] - 0:0:0:0:0:0:0:1:web::http://localhost:8081/spring/member/selectAll
[12:33:01.750] - 0:0:0:0:0:0:0:1:web::http://localhost:8081/spring/member/selectAll
[12:33:11.750] - 0:0:0:0:0:0:0:1:web::http://localhost:8081/spring/member/selectAll
[12:33:21.754] - 0:0:0:0:0:0:0:1:web::http://localhost:8081/spring/member/selectAll
[12:33:31.748] - 0:0:0:0:0:0:0:1:web::http://localhost:8081/spring/member/selectAll
[12:33:41.750] - 0:0:0:0:0:0:0:1:web::http://localhost:8081/spring/member/selectAll
[12:33:51.755] - 0:0:0:0:0:0:0:1:web::http://localhost:8081/spring/member/selectAll
[12:34:01.747] - 0:0:0:0:0:0:0:1:web::http://localhost:8081/spring/member/selectAll
[12:34:11.755] - 0:0:0:0:0:0:0:1:web::http://localhost:8081/spring/member/selectAll
[12:34:21.747] - 0:0:0:0:0:0:0:1:web::http://localhost:8081/spring/member/selectAll
[12:34:31.754] - 0:0:0:0:0:0:0:1:web::http://localhost:8081/spring/member/selectAll
[12:34:41.756] - 0:0:0:0:0:0:0:1:web::http://localhost:8081/spring/member/selectAll
[12:34:51.754] - 0:0:0:0:0:0:0:1:web::http://localhost:8081/spring/member/selectAll
[12:35:01.744] - 0:0:0:0:0:0:0:1:web::http://localhost:8081/spring/member/selectAll
[12:35:11.745] - 0:0:0:0:0:0:0:1:web::http://localhost:8081/spring/member/selectAll
[13:45:43.330] - 0:0:0:0:0:0:0:1:web::http://localhost:8081/spring/main
[13:45:43.517] - 0:0:0:0:0:0:0:1:web::http://localhost:8081/spring/member/selectAll
[13:45:47.556] - 0:0:0:0:0:0:0:1:web::http://localhost:8081/spring/member/login?userId=aaa&userPwd=1234
[13:45:47.692] - 0:0:0:0:0:0:0:1:web:aaa:http://localhost:8081/spring/main
[13:45:47.736] - 0:0:0:0:0:0:0:1:web:aaa:http://localhost:8081/spring/member/selectAll
[13:45:57.757] - 0:0:0:0:0:0:0:1:web:aaa:http://localhost:8081/spring/member/selectAll
[13:46:07.746] - 0:0:0:0:0:0:0:1:web:aaa:http://localhost:8081/spring/member/selectAll
[13:46:17.740] - 0:0:0:0:0:0:0:1:web:aaa:http://localhost:8081/spring/member/selectAll
[13:46:27.756] - 0:0:0:0:0:0:0:1:web:aaa:http://localhost:8081/spring/member/selectAll
[13:46:37.743] - 0:0:0:0:0:0:0:1:web:aaa:http://localhost:8081/spring/member/selectAll
[13:46:47.754] - 0:0:0:0:0:0:0:1:web:aaa:http://localhost:8081/spring/member/selectAll
[13:46:57.748] - 0:0:0:0:0:0:0:1:web:aaa:http://localhost:8081/spring/member/selectAll
[13:47:07.744] - 0:0:0:0:0:0:0:1:web:aaa:http://localhost:8081/spring/member/selectAll
[13:47:17.745] - 0:0:0:0:0:0:0:1:web:aaa:http://localhost:8081/spring/member/selectAll
[13:47:29.637] - 0:0:0:0:0:0:0:1:web::http://localhost:8081/spring/member/selectAll
[13:47:37.745] - 0:0:0:0:0:0:0:1:web::http://localhost:8081/spring/member/selectAll
[13:47:49.980] - 0:0:0:0:0:0:0:1:web::http://localhost:8081/spring/member/selectAll
[13:47:57.749] - 0:0:0:0:0:0:0:1:web::http://localhost:8081/spring/member/selectAll
[13:48:00.884] - 0:0:0:0:0:0:0:1:web::http://localhost:8081/spring/main
[13:48:00.995] - 0:0:0:0:0:0:0:1:web::http://localhost:8081/spring/member/selectAll
[13:48:04.870] - 0:0:0:0:0:0:0:1:web::http://localhost:8081/spring/member/login?userId=aaa&userPwd=1234
[13:48:05.011] - 0:0:0:0:0:0:0:1:web:aaa:http://localhost:8081/spring/main
[13:48:05.053] - 0:0:0:0:0:0:0:1:web:aaa:http://localhost:8081/spring/member/selectAll
[13:48:15.075] - 0:0:0:0:0:0:0:1:web:aaa:http://localhost:8081/spring/member/selectAll
[13:48:25.059] - 0:0:0:0:0:0:0:1:web:aaa:http://localhost:8081/spring/member/selectAll
[13:48:35.059] - 0:0:0:0:0:0:0:1:web:aaa:http://localhost:8081/spring/member/selectAll
[13:48:45.067] - 0:0:0:0:0:0:0:1:web:aaa:http://localhost:8081/spring/member/selectAll
[13:48:55.070] - 0:0:0:0:0:0:0:1:web:aaa:http://localhost:8081/spring/member/selectAll
[13:49:05.064] - 0:0:0:0:0:0:0:1:web:aaa:http://localhost:8081/spring/member/selectAll
[13:49:15.064] - 0:0:0:0:0:0:0:1:web:aaa:http://localhost:8081/spring/member/selectAll
[13:49:25.072] - 0:0:0:0:0:0:0:1:web:aaa:http://localhost:8081/spring/member/selectAll
[13:49:35.067] - 0:0:0:0:0:0:0:1:web:aaa:http://localhost:8081/spring/member/selectAll
[13:49:45.065] - 0:0:0:0:0:0:0:1:web:aaa:http://localhost:8081/spring/member/selectAll
[13:49:55.064] - 0:0:0:0:0:0:0:1:web:aaa:http://localhost:8081/spring/member/selectAll
[13:50:05.067] - 0:0:0:0:0:0:0:1:web:aaa:http://localhost:8081/spring/member/selectAll
[13:50:15.063] - 0:0:0:0:0:0:0:1:web:aaa:http://localhost:8081/spring/member/selectAll
[13:50:25.070] - 0:0:0:0:0:0:0:1:web:aaa:http://localhost:8081/spring/member/selectAll
[13:50:35.057] - 0:0:0:0:0:0:0:1:web:aaa:http://localhost:8081/spring/member/selectAll
[13:50:45.060] - 0:0:0:0:0:0:0:1:web:aaa:http://localhost:8081/spring/member/selectAll
[13:50:55.072] - 0:0:0:0:0:0:0:1:web:aaa:http://localhost:8081/spring/member/selectAll
[13:51:09.472] - 0:0:0:0:0:0:0:1:web::http://localhost:8081/spring/member/selectAll
[13:51:15.066] - 0:0:0:0:0:0:0:1:web::http://localhost:8081/spring/member/selectAll
[13:51:25.060] - 0:0:0:0:0:0:0:1:web::http://localhost:8081/spring/member/selectAll
[13:51:35.061] - 0:0:0:0:0:0:0:1:web::http://localhost:8081/spring/member/selectAll
[13:51:45.055] - 0:0:0:0:0:0:0:1:web::http://localhost:8081/spring/member/selectAll
[13:51:55.060] - 0:0:0:0:0:0:0:1:web::http://localhost:8081/spring/member/selectAll
[13:52:05.071] - 0:0:0:0:0:0:0:1:web::http://localhost:8081/spring/member/selectAll
[13:52:15.070] - 0:0:0:0:0:0:0:1:web::http://localhost:8081/spring/member/selectAll
[13:52:25.057] - 0:0:0:0:0:0:0:1:web::http://localhost:8081/spring/member/selectAll
[13:52:35.063] - 0:0:0:0:0:0:0:1:web::http://localhost:8081/spring/member/selectAll
[13:52:45.067] - 0:0:0:0:0:0:0:1:web::http://localhost:8081/spring/member/selectAll
[13:52:55.061] - 0:0:0:0:0:0:0:1:web::http://localhost:8081/spring/member/selectAll
[13:53:05.074] - 0:0:0:0:0:0:0:1:web::http://localhost:8081/spring/member/selectAll
[13:53:15.065] - 0:0:0:0:0:0:0:1:web::http://localhost:8081/spring/member/selectAll
[13:53:25.061] - 0:0:0:0:0:0:0:1:web::http://localhost:8081/spring/member/selectAll
[13:53:35.059] - 0:0:0:0:0:0:0:1:web::http://localhost:8081/spring/member/selectAll
[13:53:45.066] - 0:0:0:0:0:0:0:1:web::http://localhost:8081/spring/member/selectAll
[13:53:55.070] - 0:0:0:0:0:0:0:1:web::http://localhost:8081/spring/member/selectAll
[13:54:05.058] - 0:0:0:0:0:0:0:1:web::http://localhost:8081/spring/member/selectAll
[13:54:11.259] - 0:0:0:0:0:0:0:1:web::http://localhost:8081/spring/main
[13:54:11.394] - 0:0:0:0:0:0:0:1:web::http://localhost:8081/spring/member/selectAll
[13:54:19.892] - 0:0:0:0:0:0:0:1:web::http://localhost:8081/spring/member/login?userId=aaa&userPwd=1234
[13:54:20.024] - 0:0:0:0:0:0:0:1:web:aaa:http://localhost:8081/spring/main
[13:54:20.068] - 0:0:0:0:0:0:0:1:web:aaa:http://localhost:8081/spring/member/selectAll
[13:54:30.081] - 0:0:0:0:0:0:0:1:web:aaa:http://localhost:8081/spring/member/selectAll
[13:54:40.075] - 0:0:0:0:0:0:0:1:web:aaa:http://localhost:8081/spring/member/selectAll
[13:54:50.082] - 0:0:0:0:0:0:0:1:web:aaa:http://localhost:8081/spring/member/selectAll
[13:55:00.073] - 0:0:0:0:0:0:0:1:web:aaa:http://localhost:8081/spring/member/selectAll
[13:55:10.089] - 0:0:0:0:0:0:0:1:web:aaa:http://localhost:8081/spring/member/selectAll
[13:55:20.070] - 0:0:0:0:0:0:0:1:web:aaa:http://localhost:8081/spring/member/selectAll
[13:55:30.088] - 0:0:0:0:0:0:0:1:web:aaa:http://localhost:8081/spring/member/selectAll
[13:55:40.076] - 0:0:0:0:0:0:0:1:web:aaa:http://localhost:8081/spring/member/selectAll
[13:55:50.087] - 0:0:0:0:0:0:0:1:web:aaa:http://localhost:8081/spring/member/selectAll
[13:56:00.070] - 0:0:0:0:0:0:0:1:web:aaa:http://localhost:8081/spring/member/selectAll
[13:56:10.073] - 0:0:0:0:0:0:0:1:web:aaa:http://localhost:8081/spring/member/selectAll
[13:56:25.466] - 0:0:0:0:0:0:0:1:web::http://localhost:8081/spring/member/selectAll
[13:56:30.072] - 0:0:0:0:0:0:0:1:web::http://localhost:8081/spring/member/selectAll
[13:56:46.982] - 0:0:0:0:0:0:0:1:web::http://localhost:8081/spring/member/selectAll
[13:56:50.086] - 0:0:0:0:0:0:0:1:web::http://localhost:8081/spring/member/selectAll
[13:57:00.077] - 0:0:0:0:0:0:0:1:web::http://localhost:8081/spring/member/selectAll
[13:57:10.079] - 0:0:0:0:0:0:0:1:web::http://localhost:8081/spring/member/selectAll
[13:57:20.081] - 0:0:0:0:0:0:0:1:web::http://localhost:8081/spring/member/selectAll
[13:57:30.090] - 0:0:0:0:0:0:0:1:web::http://localhost:8081/spring/member/selectAll
[13:57:43.098] - 0:0:0:0:0:0:0:1:web::http://localhost:8081/spring/member/selectAll
[13:57:50.073] - 0:0:0:0:0:0:0:1:web::http://localhost:8081/spring/member/selectAll
[13:58:00.975] - 0:0:0:0:0:0:0:1:web::http://localhost:8081/spring/member/selectAll
[13:58:10.073] - 0:0:0:0:0:0:0:1:web::http://localhost:8081/spring/member/selectAll
[13:58:20.073] - 0:0:0:0:0:0:0:1:web::http://localhost:8081/spring/member/selectAll
[13:58:30.080] - 0:0:0:0:0:0:0:1:web::http://localhost:8081/spring/member/selectAll
[13:58:40.078] - 0:0:0:0:0:0:0:1:web::http://localhost:8081/spring/member/selectAll
[13:58:50.083] - 0:0:0:0:0:0:0:1:web::http://localhost:8081/spring/member/selectAll
[13:59:00.087] - 0:0:0:0:0:0:0:1:web::http://localhost:8081/spring/member/selectAll
[13:59:10.081] - 0:0:0:0:0:0:0:1:web::http://localhost:8081/spring/member/selectAll
[13:59:20.079] - 0:0:0:0:0:0:0:1:web::http://localhost:8081/spring/member/selectAll
[13:59:30.076] - 0:0:0:0:0:0:0:1:web::http://localhost:8081/spring/member/selectAll
[13:59:40.079] - 0:0:0:0:0:0:0:1:web::http://localhost:8081/spring/member/selectAll
[13:59:50.088] - 0:0:0:0:0:0:0:1:web::http://localhost:8081/spring/member/selectAll
[14:00:00.074] - 0:0:0:0:0:0:0:1:web::http://localhost:8081/spring/member/selectAll
[14:00:56.076] - 0:0:0:0:0:0:0:1:web::http://localhost:8081/spring/member/selectAll
[14:02:30.907] - 0:0:0:0:0:0:0:1:web::http://localhost:8081/spring/member/selectAll
[14:03:24.535] - 0:0:0:0:0:0:0:1:web::http://localhost:8081/spring/member/selectAll
[14:05:03.185] - 0:0:0:0:0:0:0:1:web::http://localhost:8081/spring/member/selectAll
[14:05:10.073] - 0:0:0:0:0:0:0:1:web::http://localhost:8081/spring/member/selectAll
[14:05:41.575] - 0:0:0:0:0:0:0:1:web::http://localhost:8081/spring/member/selectAll
[14:07:00.967] - 127.0.0.1:web::http://localhost:8081/spring/member/selectAll
[14:09:53.333] - 0:0:0:0:0:0:0:1:web::http://localhost:8081/spring/member/selectAll
[14:10:52.501] - 0:0:0:0:0:0:0:1:web::http://localhost:8081/spring/member/selectAll
[14:14:53.352] - 0:0:0:0:0:0:0:1:web::http://localhost:8081/spring/member/selectAll
[14:15:52.501] - 0:0:0:0:0:0:0:1:web::http://localhost:8081/spring/member/selectAll
[14:16:52.506] - 0:0:0:0:0:0:0:1:web::http://localhost:8081/spring/member/selectAll
[14:17:53.316] - 0:0:0:0:0:0:0:1:web::http://localhost:8081/spring/member/selectAll
[14:18:52.503] - 0:0:0:0:0:0:0:1:web::http://localhost:8081/spring/member/selectAll
[14:19:52.500] - 0:0:0:0:0:0:0:1:web::http://localhost:8081/spring/member/selectAll
[14:20:52.514] - 0:0:0:0:0:0:0:1:web::http://localhost:8081/spring/member/selectAll
[14:21:52.511] - 0:0:0:0:0:0:0:1:web::http://localhost:8081/spring/member/selectAll
[14:22:52.503] - 0:0:0:0:0:0:0:1:web::http://localhost:8081/spring/member/selectAll
[14:23:52.496] - 0:0:0:0:0:0:0:1:web::http://localhost:8081/spring/member/selectAll
[14:24:52.505] - 0:0:0:0:0:0:0:1:web::http://localhost:8081/spring/member/selectAll
[14:25:52.510] - 0:0:0:0:0:0:0:1:web::http://localhost:8081/spring/member/selectAll
[14:26:52.511] - 0:0:0:0:0:0:0:1:web::http://localhost:8081/spring/member/selectAll
[14:27:52.505] - 0:0:0:0:0:0:0:1:web::http://localhost:8081/spring/member/selectAll
[14:28:52.512] - 0:0:0:0:0:0:0:1:web::http://localhost:8081/spring/member/selectAll
[14:29:52.513] - 0:0:0:0:0:0:0:1:web::http://localhost:8081/spring/member/selectAll
[14:30:52.503] - 0:0:0:0:0:0:0:1:web::http://localhost:8081/spring/member/selectAll
[14:31:53.358] - 0:0:0:0:0:0:0:1:web::http://localhost:8081/spring/member/selectAll
[14:32:22.486] - 0:0:0:0:0:0:0:1:web::http://localhost:8081/spring/member/selectAll
[14:32:30.500] - 0:0:0:0:0:0:0:1:web::http://localhost:8081/spring/member/selectAll
[14:32:40.505] - 0:0:0:0:0:0:0:1:web::http://localhost:8081/spring/member/selectAll
[14:32:50.505] - 0:0:0:0:0:0:0:1:web::http://localhost:8081/spring/member/selectAll
[14:33:00.511] - 0:0:0:0:0:0:0:1:web::http://localhost:8081/spring/member/selectAll
[14:33:10.505] - 0:0:0:0:0:0:0:1:web::http://localhost:8081/spring/member/selectAll
[14:33:20.512] - 0:0:0:0:0:0:0:1:web::http://localhost:8081/spring/member/selectAll
[14:33:52.508] - 0:0:0:0:0:0:0:1:web::http://localhost:8081/spring/member/selectAll
[14:34:52.504] - 0:0:0:0:0:0:0:1:web::http://localhost:8081/spring/member/selectAll
[14:36:52.593] - 0:0:0:0:0:0:0:1:web::http://localhost:8081/spring/member/selectAll
[14:37:52.500] - 0:0:0:0:0:0:0:1:web::http://localhost:8081/spring/member/selectAll
[14:38:52.511] - 0:0:0:0:0:0:0:1:web::http://localhost:8081/spring/member/selectAll
[14:39:52.498] - 0:0:0:0:0:0:0:1:web::http://localhost:8081/spring/member/selectAll
[14:40:52.508] - 0:0:0:0:0:0:0:1:web::http://localhost:8081/spring/member/selectAll
[14:41:52.511] - 0:0:0:0:0:0:0:1:web::http://localhost:8081/spring/member/selectAll
[14:42:52.504] - 0:0:0:0:0:0:0:1:web::http://localhost:8081/spring/member/selectAll
[14:43:52.502] - 0:0:0:0:0:0:0:1:web::http://localhost:8081/spring/member/selectAll
[14:44:52.499] - 0:0:0:0:0:0:0:1:web::http://localhost:8081/spring/member/selectAll
[14:45:52.505] - 0:0:0:0:0:0:0:1:web::http://localhost:8081/spring/member/selectAll
[15:13:13.832] - 0:0:0:0:0:0:0:1:web::http://localhost:8081/spring/member/selectAll
[15:13:14.964] - 0:0:0:0:0:0:0:1:web::http://localhost:8081/spring/main
[15:13:15.151] - 0:0:0:0:0:0:0:1:web::http://localhost:8081/spring/member/selectAll
[15:13:18.649] - 0:0:0:0:0:0:0:1:web::http://localhost:8081/spring/board/list/N
[15:13:26.087] - 0:0:0:0:0:0:0:1:web::http://localhost:8081/spring/board/list/P
[15:13:26.118] - 0:0:0:0:0:0:0:1:web::http://localhost:8081/spring/resources/images/boardT/2023050811023415405.jpg
[15:13:26.118] - 0:0:0:0:0:0:0:1:web::http://localhost:8081/spring/resources/images/boardT/2023050810080458516.jpg
[15:13:26.118] - 0:0:0:0:0:0:0:1:web::http://localhost:8081/spring/resources/images/boardT/2023050810585554917.jpg
[15:13:40.560] - 0:0:0:0:0:0:0:1:web::http://localhost:8081/spring/member/login?userId=aaa&userPwd=1234
[15:13:40.660] - 0:0:0:0:0:0:0:1:web:aaa:http://localhost:8081/spring/main
[15:13:40.716] - 0:0:0:0:0:0:0:1:web:aaa:http://localhost:8081/spring/member/selectAll
[15:13:43.543] - 0:0:0:0:0:0:0:1:web:aaa:http://localhost:8081/spring/board/list/N
[15:14:42.440] - 0:0:0:0:0:0:0:1:web::http://localhost:8081/spring/board/list/N
[15:14:44.593] - 0:0:0:0:0:0:0:1:web::http://localhost:8081/spring/board/list/N
[15:14:52.271] - 0:0:0:0:0:0:0:1:web::http://localhost:8081/spring/board/list/P
